Arguments: 
  C:\Program Files\nodejs\node.exe C:\Users\Александр\AppData\Roaming\npm\node_modules\yarn\bin\yarn.js add commander

PATH: 
  C:\Users\Александр\bin;C:\Program Files\Git\mingw64\bin;C:\Program Files\Git\usr\local\bin;C:\Program Files\Git\usr\bin;C:\Program Files\Git\usr\bin;C:\Program Files\Git\mingw64\bin;C:\Program Files\Git\usr\bin;C:\Users\Александр\bin;C:\Windows\system32;C:\Windows;C:\Windows\System32\Wbem;C:\Windows\System32\WindowsPowerShell\v1.0;C:\Program Files\nodejs;C:\Program Files\Git\cmd;C:\Users\Александр\AppData\Local\Microsoft\WindowsApps;C:\Users\Александр\AppData\Local\Programs\Microsoft VS Code\bin;C:\Users\Александр\AppData\Local\GitHubDesktop\bin;C:\Users\Александр\AppData\Roaming\npm;C:\Program Files\Git\usr\bin\vendor_perl;C:\Program Files\Git\usr\bin\core_perl

Yarn version: 
  1.22.19

Node version: 
  16.15.1

Platform: 
  win32 x64

Trace: 
  Error: EPERM: operation not permitted, rmdir 'C:\Users\Александр\Documents\GitHub\Node.js\HW-01-Contacts\node_modules\.bin'

npm manifest: 
  {
  	"name": "hw-01-contacts",
  	"version": "1.0.0",
  	"description": "hw-01",
  	"main": "index.js",
  	"scripts": {
  		"test": "echo \"Error: no test specified\" && exit 1",
  		"start": "node index",
  		"dev": "nodemon index"
  	},
  	"author": "",
  	"license": "ISC",
  	"devDependencies": {
  		"nodemon": "^2.0.20"
  	}
  }

yarn manifest: 
  No manifest

Lockfile: 
  No lockfile
